<?xml version="1.0" encoding="UTF-8"?>
<testsuite xmlns:xsi="http://www.w3.org/2001/XMLSchema-instance" xsi:noNamespaceSchemaLocation="https://maven.apache.org/surefire/maven-surefire-plugin/xsd/surefire-test-report-3.0.xsd" version="3.0" name="com.aub.e_shop.EShopApplicationTests" time="7.819" tests="1" errors="0" skipped="0" failures="0">
  <properties>
[...]
</properties>
  <testcase name="contextLoads" classname="com.aub.e_shop.EShopApplicationTests" time="0.745">
    <system-out><![CDATA[13:58:35.506 [main] INFO org.springframework.test.context.support.AnnotationConfigContextLoaderUtils -- Could not detect default configuration classes for test class [com.aub.e_shop.EShopApplicationTests]: EShopApplicationTests does not declare any static, non-private, non-final, nested classes annotated with @Configuration.
13:58:35.672 [main] INFO org.springframework.boot.test.context.SpringBootTestContextBootstrapper -- Found @SpringBootConfiguration com.aub.e_shop.EShopApplication for test class com.aub.e_shop.EShopApplicationTests
13:58:35,334 |-INFO in ch.qos.logback.classic.LoggerContext[default] - This is logback-classic version 1.5.6
13:58:35,334 |-INFO in ch.qos.logback.classic.util.ContextInitializer@3935e9a8 - Here is a list of configurators discovered as a service, by rank: 
13:58:35,334 |-INFO in ch.qos.logback.classic.util.ContextInitializer@3935e9a8 -   org.springframework.boot.logging.logback.RootLogLevelConfigurator
13:58:35,334 |-INFO in ch.qos.logback.classic.util.ContextInitializer@3935e9a8 - They will be invoked in order until ExecutionStatus.DO_NOT_INVOKE_NEXT_IF_ANY is returned.
13:58:35,334 |-INFO in ch.qos.logback.classic.util.ContextInitializer@3935e9a8 - Constructed configurator of type class org.springframework.boot.logging.logback.RootLogLevelConfigurator
13:58:35,350 |-INFO in ch.qos.logback.classic.util.ContextInitializer@3935e9a8 - org.springframework.boot.logging.logback.RootLogLevelConfigurator.configure() call lasted 0 milliseconds. ExecutionStatus=INVOKE_NEXT_IF_ANY
13:58:35,350 |-INFO in ch.qos.logback.classic.util.ContextInitializer@3935e9a8 - Trying to configure with ch.qos.logback.classic.joran.SerializedModelConfigurator
13:58:35,350 |-INFO in ch.qos.logback.classic.util.ContextInitializer@3935e9a8 - Constructed configurator of type class ch.qos.logback.classic.joran.SerializedModelConfigurator
13:58:35,350 |-INFO in ch.qos.logback.classic.LoggerContext[default] - Could NOT find resource [logback-test.scmo]
13:58:35,350 |-INFO in ch.qos.logback.classic.LoggerContext[default] - Could NOT find resource [logback.scmo]
13:58:35,350 |-INFO in ch.qos.logback.classic.util.ContextInitializer@3935e9a8 - ch.qos.logback.classic.joran.SerializedModelConfigurator.configure() call lasted 0 milliseconds. ExecutionStatus=INVOKE_NEXT_IF_ANY
13:58:35,350 |-INFO in ch.qos.logback.classic.util.ContextInitializer@3935e9a8 - Trying to configure with ch.qos.logback.classic.util.DefaultJoranConfigurator
13:58:35,350 |-INFO in ch.qos.logback.classic.util.ContextInitializer@3935e9a8 - Constructed configurator of type class ch.qos.logback.classic.util.DefaultJoranConfigurator
13:58:35,350 |-INFO in ch.qos.logback.classic.LoggerContext[default] - Could NOT find resource [logback-test.xml]
13:58:35,350 |-INFO in ch.qos.logback.classic.LoggerContext[default] - Could NOT find resource [logback.xml]
13:58:35,350 |-INFO in ch.qos.logback.classic.util.ContextInitializer@3935e9a8 - ch.qos.logback.classic.util.DefaultJoranConfigurator.configure() call lasted 0 milliseconds. ExecutionStatus=INVOKE_NEXT_IF_ANY
13:58:35,350 |-INFO in ch.qos.logback.classic.util.ContextInitializer@3935e9a8 - Trying to configure with ch.qos.logback.classic.BasicConfigurator
13:58:35,350 |-INFO in ch.qos.logback.classic.util.ContextInitializer@3935e9a8 - Constructed configurator of type class ch.qos.logback.classic.BasicConfigurator
13:58:35,350 |-INFO in ch.qos.logback.classic.BasicConfigurator@288a4658 - Setting up default configuration.
13:58:35,381 |-INFO in ch.qos.logback.classic.util.ContextInitializer@3935e9a8 - ch.qos.logback.classic.BasicConfigurator.configure() call lasted 31 milliseconds. ExecutionStatus=NEUTRAL
13:58:36,230 |-INFO in ch.qos.logback.core.model.processor.AppenderModelHandler - Processing appender named [console]
13:58:36,230 |-INFO in ch.qos.logback.core.model.processor.AppenderModelHandler - About to instantiate appender of type [ch.qos.logback.core.ConsoleAppender]
13:58:36,261 |-WARN in ch.qos.logback.core.ConsoleAppender[console] - This appender no longer admits a layout as a sub-component, set an encoder instead.
13:58:36,261 |-WARN in ch.qos.logback.core.ConsoleAppender[console] - To ensure compatibility, wrapping your layout in LayoutWrappingEncoder.
13:58:36,261 |-WARN in ch.qos.logback.core.ConsoleAppender[console] - See also http://logback.qos.ch/codes.html#layoutInsteadOfEncoder for details
13:58:36,261 |-INFO in ch.qos.logback.core.model.processor.AppenderModelHandler - Processing appender named [FILE]
13:58:36,261 |-INFO in ch.qos.logback.core.model.processor.AppenderModelHandler - About to instantiate appender of type [ch.qos.logback.core.rolling.RollingFileAppender]
13:58:36,277 |-INFO in c.q.l.core.rolling.TimeBasedRollingPolicy@1532409428 - No compression will be used
13:58:36,277 |-INFO in c.q.l.core.rolling.TimeBasedRollingPolicy@1532409428 - Will use the pattern /aub/e_shop/e_shop.%d{yyyyMMdd}.log for the active file
13:58:36,277 |-INFO in c.q.l.core.rolling.DefaultTimeBasedFileNamingAndTriggeringPolicy - The date pattern is 'yyyyMMdd' from file name pattern '/aub/e_shop/e_shop.%d{yyyyMMdd}.log'.
13:58:36,277 |-INFO in c.q.l.core.rolling.DefaultTimeBasedFileNamingAndTriggeringPolicy - Roll-over at midnight.
13:58:36,277 |-INFO in c.q.l.core.rolling.DefaultTimeBasedFileNamingAndTriggeringPolicy - Setting initial period to 2024-07-24T06:52:26.723Z
13:58:36,277 |-INFO in ch.qos.logback.core.model.processor.ImplicitModelHandler - Assuming default type [ch.qos.logback.classic.encoder.PatternLayoutEncoder] for [encoder] property
13:58:36,292 |-INFO in ch.qos.logback.core.rolling.RollingFileAppender[FILE] - Active log file name: /aub/e_shop/e_shop.log
13:58:36,292 |-INFO in ch.qos.logback.core.rolling.RollingFileAppender[FILE] - File property is set to [/aub/e_shop/e_shop.log]
13:58:36,292 |-INFO in ch.qos.logback.classic.model.processor.LoggerModelHandler - Setting level of logger [com.aub.e_shop] to INFO
13:58:36,292 |-INFO in ch.qos.logback.classic.jul.LevelChangePropagator@452c8a40 - Propagating INFO level on Logger[com.aub.e_shop] onto the JUL framework
13:58:36,292 |-INFO in ch.qos.logback.classic.model.processor.LoggerModelHandler - Setting additivity of logger [com.aub.e_shop] to true
13:58:36,292 |-INFO in ch.qos.logback.core.model.processor.AppenderRefModelHandler - Attaching appender named [FILE] to Logger[com.aub.e_shop]
13:58:36,292 |-INFO in ch.qos.logback.classic.model.processor.LoggerModelHandler - Setting level of logger [org.springframework] to WARN
13:58:36,292 |-INFO in ch.qos.logback.classic.jul.LevelChangePropagator@452c8a40 - Propagating WARN level on Logger[org.springframework] onto the JUL framework
13:58:36,292 |-INFO in ch.qos.logback.core.model.processor.AppenderRefModelHandler - Attaching appender named [console] to Logger[org.springframework]
13:58:36,292 |-INFO in ch.qos.logback.classic.model.processor.RootLoggerModelHandler - Setting level of ROOT logger to INFO
13:58:36,292 |-INFO in ch.qos.logback.classic.jul.LevelChangePropagator@452c8a40 - Propagating INFO level on Logger[ROOT] onto the JUL framework
13:58:36,292 |-INFO in ch.qos.logback.core.model.processor.AppenderRefModelHandler - Attaching appender named [console] to Logger[ROOT]
13:58:36,292 |-INFO in ch.qos.logback.core.model.processor.DefaultProcessor@534243e4 - End of configuration.
13:58:36,292 |-INFO in org.springframework.boot.logging.logback.SpringBootJoranConfigurator@29006752 - Registering current configuration as safe fallback point


  .   ____          _            __ _ _
 /\\ / ___'_ __ _ _(_)_ __  __ _ \ \ \ \
( ( )\___ | '_ | '_| | '_ \/ _` | \ \ \ \
 \\/  ___)| |_)| | | | | || (_| |  ) ) ) )
  '  |____| .__|_| |_|_| |_\__, | / / / /
 =========|_|==============|___/=/_/_/_/

 :: Spring Boot ::                (v3.3.2)

&amp#27;[34mINFO &amp#27;[0;39m: 2024-07-24 13:58:36,417 - [e-shop] - Starting EShopApplicationTests using Java 21.0.1 with PID 27512 (started by Tavan in C:\Users\rithy\OneDrive\Desktop\E-Shop\AUB-Workspaces\e-shop)
&amp#27;[34mINFO &amp#27;[0;39m: 2024-07-24 13:58:36,421 - [e-shop] - No active profile set, falling back to 1 default profile: "default"
&amp#27;[34mINFO &amp#27;[0;39m: 2024-07-24 13:58:38,141 - [e-shop] - HHH000204: Processing PersistenceUnitInfo [name: default]
&amp#27;[34mINFO &amp#27;[0;39m: 2024-07-24 13:58:38,293 - [e-shop] - HHH000412: Hibernate ORM core version 6.5.2.Final
&amp#27;[34mINFO &amp#27;[0;39m: 2024-07-24 13:58:38,369 - [e-shop] - HHH000026: Second-level cache disabled
&amp#27;[34mINFO &amp#27;[0;39m: 2024-07-24 13:58:39,006 - [e-shop] - HikariPool-1 - Starting...
&amp#27;[34mINFO &amp#27;[0;39m: 2024-07-24 13:58:39,559 - [e-shop] - HikariPool-1 - Added connection conn0: url=jdbc:h2:mem:testdb user=ADMIN
&amp#27;[34mINFO &amp#27;[0;39m: 2024-07-24 13:58:39,559 - [e-shop] - HikariPool-1 - Start completed.
&amp#27;[34mINFO &amp#27;[0;39m: 2024-07-24 13:58:40,963 - [e-shop] - HHH000489: No JTA platform available (set 'hibernate.transaction.jta.platform' to enable JTA platform integration)
Hibernate: 
    drop table if exists article cascade 
Hibernate: 
    drop table if exists category cascade 
Hibernate: 
    drop table if exists product cascade 
Hibernate: 
    drop table if exists product_model cascade 
Hibernate: 
    create table article (
        created_date timestamp(6),
        id bigint generated by default as identity,
        created_by varchar(255),
        image_url varchar(255),
        long_description varchar(255),
        short_description varchar(255),
        title varchar(255),
        primary key (id)
    )
Hibernate: 
    create table category (
        created_date timestamp(6),
        id bigint generated by default as identity,
        cate_name varchar(255),
        created_by varchar(255),
        description varchar(255),
        primary key (id)
    )
Hibernate: 
    create table product (
        original_price float(53),
        sale_price float(53),
        created_date timestamp(6),
        product_id bigint generated by default as identity,
        category_id varchar(255),
        created_by varchar(255),
        description varchar(255),
        detail_image_url varchar(255),
        image_url varchar(255),
        pro_name varchar(255),
        primary key (product_id)
    )
Hibernate: 
    create table product_model (
        model_id bigint generated by default as identity,
        model_name varchar(255),
        primary key (model_id)
    )
&amp#27;[34mINFO &amp#27;[0;39m: 2024-07-24 13:58:42,271 - [e-shop] - Started EShopApplicationTests in 6.385 seconds (process running for 7.852)
]]></system-out>
    <system-err><![CDATA[WARNING: A Java agent has been loaded dynamically (C:\Users\rithy\.m2\repository\net\bytebuddy\byte-buddy-agent\1.14.18\byte-buddy-agent-1.14.18.jar)
WARNING: If a serviceability tool is in use, please run with -XX:+EnableDynamicAgentLoading to hide this warning
WARNING: If a serviceability tool is not in use, please run with -Djdk.instrument.traceUsage for more information
WARNING: Dynamic loading of agents will be disallowed by default in a future release
]]></system-err>
  </testcase>
</testsuite>